<?xml version="1.0" encoding="UTF-8"?>
<!-- Generated by org.testng.reporters.JUnitReportReporter -->
<testsuite hostname="Truong" failures="0" tests="1" name="RegresstionTestCases.doGetTagValue" time="9.400" errors="0" timestamp="9 Sep 2020 20:10:26 GMT">
  <testcase classname="RegresstionTestCases.doGetTagValue" name="getTagValue" time="9.400"/>
</testsuite> <!-- RegresstionTestCases.doGetTagValue -->
