<?xml version="1.0" encoding="UTF-8"?>
<!-- Generated by org.testng.reporters.JUnitReportReporter -->
<testsuite hostname="Truong" failures="0" tests="1" name="RegresstionTestCases.doCheckDropdownList" time="18.531" errors="0" timestamp="30 Jul 2020 23:16:53 GMT">
  <testcase classname="RegresstionTestCases.doCheckDropdownList" name="TestCase1" time="18.531"/>
</testsuite> <!-- RegresstionTestCases.doCheckDropdownList -->
