<?xml version="1.0" encoding="UTF-8"?>
<!-- Generated by org.testng.reporters.JUnitReportReporter -->
<testsuite hostname="Truong" failures="0" tests="1" name="RegresstionTestCases.doCheckDropdownList" time="17.702" errors="0" timestamp="9 Sep 2020 20:35:14 GMT">
  <testcase classname="RegresstionTestCases.doCheckDropdownList" name="TestCase1" time="17.702"/>
</testsuite> <!-- RegresstionTestCases.doCheckDropdownList -->
