<?xml version="1.0" encoding="UTF-8"?>
<!-- Generated by org.testng.reporters.JUnitReportReporter -->
<testsuite hostname="Truong" failures="0" tests="1" name="Git.LoadTest01" time="1.551" errors="0" timestamp="24 Aug 2020 03:49:30 GMT">
  <testcase classname="Git.LoadTest01" name="verifySearchButton" time="1.551"/>
</testsuite> <!-- Git.LoadTest01 -->
